[1] "2014-07-08 13:15:53 EDT"
Loading required package: methods
[1] "as.character"
[1] "getNumSpecies"
[1] "getDistributionOfSpecies"
[1] "getNumSpecies"
[1] "getDistributionOfSpecies"
[1] "addConstraint"
[1] "raffleSampleSize"
[1] "addConstraint"
[1] "raffleSampleSize"
[1] "assignArea"
[1] "assignSizeDistProperty"
[1] "raffleIndividualsPerSample"
[1] "assignArea"
[1] "assignSizeDistProperty"
[1] "raffleIndividualsPerSample"
[1] "as.character"
Error in as.character.default(X[[1L]], ...) : 
  no method for coercing this S4 class to a vector
Calls: raffleSamplesToWorksheet ... .ddg.replace.quotes -> lapply -> FUN -> as.character.default
Execution halted
