[1] ".ddg.proc.node -> .ddg.open.new.command.node :  Adding x <- f() Start node"
[1] "Adding procedure node 2 named x <- f()"
[1] "proc.node: Start x <- f()"
[1] "proc2proc:  f <- function() {    ddg.start()    a <- 1    ddg.finish()}   x <- f()"
[1] "CF p1 p2"
[1] "Adding procedure node 3 named f"
[1] "proc.node: Start f"
[1] "proc2proc:  x <- f()   f"
[1] "CF p2 p3"
[1] "Adding procedure node 4 named f"
[1] "proc.node: Finish f"
[1] "proc2proc:  f   f"
[1] "CF p3 p4"
[1] ".ddg.parse.commands -> .ddg.close.last.command.node :  Adding x <- f() Finish node"
[1] "Adding procedure node 5 named x <- f()"
[1] "proc.node: Finish x <- f()"
[1] "proc2proc:  f   x <- f()"
[1] "CF p4 p5"
[1] "Adding data node 2 named x"
[1] "data.node: Data x"
[1] "proc2data: x <- f() x"
[1] "DF p5 d2"
