Warning messages:
1: In .ddg.insert.error.message(error.msg) : Skipping parameter a
2: In .ddg.insert.error.message(error.msg) : Skipping parameter b
Warning message:
In .ddg.insert.error.message(error.msg) : Skipping parameter b
Warning messages:
1: In .ddg.insert.error.message(error.msg) : Skipping parameter x
2: In .ddg.insert.error.message(error.msg) : Skipping parameter x
3: In .ddg.insert.error.message(error.msg) : Skipping parameter x
4: In .ddg.insert.error.message(error.msg) : Skipping parameter x
Warning messages:
1: In .ddg.insert.error.message(error.msg) : Skipping parameter x
2: In .ddg.insert.error.message(error.msg) : Skipping parameter x
3: In .ddg.insert.error.message(error.msg) : Skipping parameter x
4: In .ddg.insert.error.message(error.msg) : Skipping parameter x
[1] 1
[1] 1
Warning messages:
1: In .ddg.insert.error.message(error.msg) : Skipping parameter x
2: In .ddg.insert.error.message(error.msg) : Skipping parameter x
Warning messages:
1: In .ddg.insert.error.message(error.msg) : Skipping parameter x
2: In .ddg.insert.error.message(error.msg) : Skipping parameter x
Execution Time = 0.341228
